<?xml version="1.0" encoding="utf-8"?>
<test-run id="2" name="Open-Lab-01.03.dll" fullname="C:/Users/onkom/Documents/openlab/1.0/1.03/tento/Open-Lab-01.03/bin/Debug/netcoreapp3.0/Open-Lab-01.03.dll" testcasecount="21" result="Passed" start-time="2021-10-05 19:53:02Z" end-time="2021-10-05 19:53:03Z" duration="0.190752" total="21" passed="21" failed="0" inconclusive="0" skipped="0" asserts="21" random-seed="1220485760">
  <command-line><![CDATA[C:\Users\onkom\Documents\openlab\1.0\1.03\tento\Open-Lab-01.03\bin\Debug\netcoreapp3.0\Open-Lab-01.03.dll]]></command-line>
  <filter />
  <test-suite type="Assembly" id="1023" name="Open-Lab-01.03.dll" fullname="C:/Users/onkom/Documents/openlab/1.0/1.03/tento/Open-Lab-01.03/bin/Debug/netcoreapp3.0/Open-Lab-01.03.dll" runstate="Runnable" testcasecount="21" result="Passed" start-time="2021-10-05 19:53:02Z" end-time="2021-10-05 19:53:03Z" duration="0.190752" total="21" passed="21" failed="0" warnings="0" inconclusive="0" skipped="0" asserts="21">
    <environment framework-version="3.12.0.0" clr-version="3.1.19" os-version="Microsoft Windows 10.0.19042" platform="Win32NT" cwd="C:\Users\onkom\Documents\openlab\1.0\1.03\tento\Open-Lab-01.03\bin\Debug\netcoreapp3.0" machine-name="DESKTOP-7OQAPDJ" user="onkom" user-domain="DESKTOP-7OQAPDJ" culture="en-US" uiculture="en-US" os-architecture="x64" />
    <settings>
      <setting name="WorkDirectory" value="C:\Users\onkom\Documents\openlab\1.0\1.03\tento\Open-Lab-01.03\bin\Debug\netcoreapp3.0" />
      <setting name="NumberOfTestWorkers" value="4" />
    </settings>
    <properties>
      <property name="_PID" value="15976" />
      <property name="_APPDOMAIN" value="Open-Lab-01.03" />
    </properties>
    <test-suite type="TestSuite" id="1024" name="Open_Lab_01" fullname="Open_Lab_01" runstate="Runnable" testcasecount="21" result="Passed" start-time="2021-10-05 19:53:03Z" end-time="2021-10-05 19:53:03Z" duration="0.152346" total="21" passed="21" failed="0" warnings="0" inconclusive="0" skipped="0" asserts="21">
      <test-suite type="TestSuite" id="1025" name="_03" fullname="Open_Lab_01._03" runstate="Runnable" testcasecount="21" result="Passed" start-time="2021-10-05 19:53:03Z" end-time="2021-10-05 19:53:03Z" duration="0.144120" total="21" passed="21" failed="0" warnings="0" inconclusive="0" skipped="0" asserts="21">
        <test-suite type="TestFixture" id="1000" name="Tests" fullname="Open_Lab_01._03.Tests" classname="Open_Lab_01._03.Tests" runstate="Runnable" testcasecount="21" result="Passed" start-time="2021-10-05 19:53:03Z" end-time="2021-10-05 19:53:03Z" duration="0.135725" total="21" passed="21" failed="0" warnings="0" inconclusive="0" skipped="0" asserts="21">
          <test-suite type="ParameterizedMethod" id="1022" name="Addition" fullname="Open_Lab_01._03.Tests.Addition" classname="Open_Lab_01._03.Tests" runstate="Runnable" testcasecount="21" result="Passed" start-time="2021-10-05 19:53:03Z" end-time="2021-10-05 19:53:03Z" duration="0.115394" total="21" passed="21" failed="0" warnings="0" inconclusive="0" skipped="0" asserts="21">
            <test-case id="1001" name="Addition(-10)" fullname="Open_Lab_01._03.Tests.Addition(-10)" methodname="Addition" classname="Open_Lab_01._03.Tests" runstate="Runnable" seed="1437914299" result="Passed" start-time="2021-10-05 19:53:03Z" end-time="2021-10-05 19:53:03Z" duration="0.055093" asserts="1" />
            <test-case id="1002" name="Addition(-9)" fullname="Open_Lab_01._03.Tests.Addition(-9)" methodname="Addition" classname="Open_Lab_01._03.Tests" runstate="Runnable" seed="72700217" result="Passed" start-time="2021-10-05 19:53:03Z" end-time="2021-10-05 19:53:03Z" duration="0.000312" asserts="1" />
            <test-case id="1003" name="Addition(-8)" fullname="Open_Lab_01._03.Tests.Addition(-8)" methodname="Addition" classname="Open_Lab_01._03.Tests" runstate="Runnable" seed="1576101949" result="Passed" start-time="2021-10-05 19:53:03Z" end-time="2021-10-05 19:53:03Z" duration="0.000185" asserts="1" />
            <test-case id="1004" name="Addition(-7)" fullname="Open_Lab_01._03.Tests.Addition(-7)" methodname="Addition" classname="Open_Lab_01._03.Tests" runstate="Runnable" seed="1347942639" result="Passed" start-time="2021-10-05 19:53:03Z" end-time="2021-10-05 19:53:03Z" duration="0.000097" asserts="1" />
            <test-case id="1005" name="Addition(-6)" fullname="Open_Lab_01._03.Tests.Addition(-6)" methodname="Addition" classname="Open_Lab_01._03.Tests" runstate="Runnable" seed="1413943217" result="Passed" start-time="2021-10-05 19:53:03Z" end-time="2021-10-05 19:53:03Z" duration="0.000097" asserts="1" />
            <test-case id="1006" name="Addition(-5)" fullname="Open_Lab_01._03.Tests.Addition(-5)" methodname="Addition" classname="Open_Lab_01._03.Tests" runstate="Runnable" seed="879685983" result="Passed" start-time="2021-10-05 19:53:03Z" end-time="2021-10-05 19:53:03Z" duration="0.000072" asserts="1" />
            <test-case id="1007" name="Addition(-4)" fullname="Open_Lab_01._03.Tests.Addition(-4)" methodname="Addition" classname="Open_Lab_01._03.Tests" runstate="Runnable" seed="1757850318" result="Passed" start-time="2021-10-05 19:53:03Z" end-time="2021-10-05 19:53:03Z" duration="0.000089" asserts="1" />
            <test-case id="1008" name="Addition(-3)" fullname="Open_Lab_01._03.Tests.Addition(-3)" methodname="Addition" classname="Open_Lab_01._03.Tests" runstate="Runnable" seed="2076293175" result="Passed" start-time="2021-10-05 19:53:03Z" end-time="2021-10-05 19:53:03Z" duration="0.000116" asserts="1" />
            <test-case id="1009" name="Addition(-2)" fullname="Open_Lab_01._03.Tests.Addition(-2)" methodname="Addition" classname="Open_Lab_01._03.Tests" runstate="Runnable" seed="523237384" result="Passed" start-time="2021-10-05 19:53:03Z" end-time="2021-10-05 19:53:03Z" duration="0.000123" asserts="1" />
            <test-case id="1010" name="Addition(-1)" fullname="Open_Lab_01._03.Tests.Addition(-1)" methodname="Addition" classname="Open_Lab_01._03.Tests" runstate="Runnable" seed="1052086381" result="Passed" start-time="2021-10-05 19:53:03Z" end-time="2021-10-05 19:53:03Z" duration="0.000110" asserts="1" />
            <test-case id="1011" name="Addition(0)" fullname="Open_Lab_01._03.Tests.Addition(0)" methodname="Addition" classname="Open_Lab_01._03.Tests" runstate="Runnable" seed="2064598017" result="Passed" start-time="2021-10-05 19:53:03Z" end-time="2021-10-05 19:53:03Z" duration="0.000107" asserts="1" />
            <test-case id="1012" name="Addition(1)" fullname="Open_Lab_01._03.Tests.Addition(1)" methodname="Addition" classname="Open_Lab_01._03.Tests" runstate="Runnable" seed="1163489295" result="Passed" start-time="2021-10-05 19:53:03Z" end-time="2021-10-05 19:53:03Z" duration="0.000105" asserts="1" />
            <test-case id="1013" name="Addition(2)" fullname="Open_Lab_01._03.Tests.Addition(2)" methodname="Addition" classname="Open_Lab_01._03.Tests" runstate="Runnable" seed="1717363238" result="Passed" start-time="2021-10-05 19:53:03Z" end-time="2021-10-05 19:53:03Z" duration="0.000118" asserts="1" />
            <test-case id="1014" name="Addition(3)" fullname="Open_Lab_01._03.Tests.Addition(3)" methodname="Addition" classname="Open_Lab_01._03.Tests" runstate="Runnable" seed="1726990163" result="Passed" start-time="2021-10-05 19:53:03Z" end-time="2021-10-05 19:53:03Z" duration="0.000086" asserts="1" />
            <test-case id="1015" name="Addition(4)" fullname="Open_Lab_01._03.Tests.Addition(4)" methodname="Addition" classname="Open_Lab_01._03.Tests" runstate="Runnable" seed="1895926286" result="Passed" start-time="2021-10-05 19:53:03Z" end-time="2021-10-05 19:53:03Z" duration="0.000143" asserts="1" />
            <test-case id="1016" name="Addition(5)" fullname="Open_Lab_01._03.Tests.Addition(5)" methodname="Addition" classname="Open_Lab_01._03.Tests" runstate="Runnable" seed="992531778" result="Passed" start-time="2021-10-05 19:53:03Z" end-time="2021-10-05 19:53:03Z" duration="0.000099" asserts="1" />
            <test-case id="1017" name="Addition(6)" fullname="Open_Lab_01._03.Tests.Addition(6)" methodname="Addition" classname="Open_Lab_01._03.Tests" runstate="Runnable" seed="923844298" result="Passed" start-time="2021-10-05 19:53:03Z" end-time="2021-10-05 19:53:03Z" duration="0.000069" asserts="1" />
            <test-case id="1018" name="Addition(7)" fullname="Open_Lab_01._03.Tests.Addition(7)" methodname="Addition" classname="Open_Lab_01._03.Tests" runstate="Runnable" seed="294028166" result="Passed" start-time="2021-10-05 19:53:03Z" end-time="2021-10-05 19:53:03Z" duration="0.000130" asserts="1" />
            <test-case id="1019" name="Addition(8)" fullname="Open_Lab_01._03.Tests.Addition(8)" methodname="Addition" classname="Open_Lab_01._03.Tests" runstate="Runnable" seed="89244474" result="Passed" start-time="2021-10-05 19:53:03Z" end-time="2021-10-05 19:53:03Z" duration="0.000115" asserts="1" />
            <test-case id="1020" name="Addition(9)" fullname="Open_Lab_01._03.Tests.Addition(9)" methodname="Addition" classname="Open_Lab_01._03.Tests" runstate="Runnable" seed="996220188" result="Passed" start-time="2021-10-05 19:53:03Z" end-time="2021-10-05 19:53:03Z" duration="0.000101" asserts="1" />
            <test-case id="1021" name="Addition(10)" fullname="Open_Lab_01._03.Tests.Addition(10)" methodname="Addition" classname="Open_Lab_01._03.Tests" runstate="Runnable" seed="622750321" result="Passed" start-time="2021-10-05 19:53:03Z" end-time="2021-10-05 19:53:03Z" duration="0.000172" asserts="1" />
          </test-suite>
        </test-suite>
      </test-suite>
    </test-suite>
  </test-suite>
</test-run>